<?xml version="1.0" encoding="utf-8" standalone="no"?>
<!--This file represents the results of running a test suite-->
<test-results name="D:\Documents\Visual Studio 2010\Projects\App\SalesTaxes.Items.Tests\bin\Debug\SalesTaxes.Items.Tests.dll" total="17" errors="0" failures="0" not-run="0" inconclusive="0" ignored="0" skipped="0" invalid="0" date="2011-08-28" time="09:30:10">
  <environment nunit-version="2.5.10.11092" clr-version="2.0.50727.5446" os-version="Microsoft Windows NT 6.1.7601 Service Pack 1" platform="Win32NT" cwd="D:\Documents\Visual Studio 2010\Projects\App\Nunit\NUnit 2.5.10\bin\net-2.0" machine-name="SERVER2010" user="Administrator" user-domain="SERVER2010" />
  <culture-info current-culture="en-US" current-uiculture="en-US" />
  <test-suite type="Assembly" name="D:\Documents\Visual Studio 2010\Projects\App\SalesTaxes.Items.Tests\bin\Debug\SalesTaxes.Items.Tests.dll" executed="True" result="Success" success="True" time="0.223" asserts="0">
    <results>
      <test-suite type="Namespace" name="SalesTaxes" executed="True" result="Success" success="True" time="0.207" asserts="0">
        <results>
          <test-suite type="Namespace" name="Items" executed="True" result="Success" success="True" time="0.207" asserts="0">
            <results>
              <test-suite type="Namespace" name="Tests" executed="True" result="Success" success="True" time="0.206" asserts="0">
                <results>
                  <test-suite type="TestFixture" name="HelpClassTest" executed="True" result="Success" success="True" time="0.123" asserts="0">
                    <results>
                      <test-case name="SalesTaxes.Items.Tests.HelpClassTest.GetTotalPriceTest_GroupOne" executed="True" result="Success" success="True" time="0.090" asserts="2" />
                      <test-case name="SalesTaxes.Items.Tests.HelpClassTest.GetTotalPriceTest_GroupTwo" executed="True" result="Success" success="True" time="0.002" asserts="2" />
                      <test-case name="SalesTaxes.Items.Tests.HelpClassTest.GetTotalPriceTest_GrouThree" executed="True" result="Success" success="True" time="0.002" asserts="2" />
                      <test-case name="SalesTaxes.Items.Tests.HelpClassTest.RoundTest" executed="True" result="Success" success="True" time="0.002" asserts="5" />
                    </results>
                  </test-suite>
                  <test-suite type="TestFixture" name="ImportedItemTest" executed="True" result="Success" success="True" time="0.015" asserts="0">
                    <results>
                      <test-case name="SalesTaxes.Items.Tests.ImportedItemTest.FinalPriceTest" executed="True" result="Success" success="True" time="0.001" asserts="2" />
                      <test-case name="SalesTaxes.Items.Tests.ImportedItemTest.MultipleSaletaxTest" executed="True" result="Success" success="True" time="0.001" asserts="3" />
                      <test-case name="SalesTaxes.Items.Tests.ImportedItemTest.MutipleTaxesFinalPriceTest" executed="True" result="Success" success="True" time="0.001" asserts="2" />
                      <test-case name="SalesTaxes.Items.Tests.ImportedItemTest.SaletaxTest" executed="True" result="Success" success="True" time="0.001" asserts="2" />
                    </results>
                  </test-suite>
                  <test-suite type="TestFixture" name="ItemTest" executed="True" result="Success" success="True" time="0.006" asserts="0">
                    <results>
                      <test-case name="SalesTaxes.Items.Tests.ItemTest.FinalPriceTest" executed="True" result="Success" success="True" time="0.001" asserts="2" />
                      <test-case name="SalesTaxes.Items.Tests.ItemTest.SaletaxTest" executed="True" result="Success" success="True" time="0.001" asserts="2" />
                    </results>
                  </test-suite>
                  <test-suite type="TestFixture" name="TaxedItemTest" executed="True" result="Success" success="True" time="0.008" asserts="0">
                    <results>
                      <test-case name="SalesTaxes.Items.Tests.TaxedItemTest.FinalPriceTest" executed="True" result="Success" success="True" time="0.002" asserts="2" />
                      <test-case name="SalesTaxes.Items.Tests.TaxedItemTest.SaletaxTest" executed="True" result="Success" success="True" time="0.001" asserts="2" />
                    </results>
                  </test-suite>
                  <test-suite type="TestFixture" name="TaxedRuleTest" executed="True" result="Success" success="True" time="0.036" asserts="0">
                    <results>
                      <test-case name="SalesTaxes.Items.Tests.TaxedRuleTest.ApplyTest_Four" executed="True" result="Success" success="True" time="0.018" asserts="2" />
                      <test-case name="SalesTaxes.Items.Tests.TaxedRuleTest.ApplyTest_Items" executed="True" result="Success" success="True" time="0.001" asserts="3" />
                      <test-case name="SalesTaxes.Items.Tests.TaxedRuleTest.ApplyTest_One" executed="True" result="Success" success="True" time="0.000" asserts="2" />
                      <test-case name="SalesTaxes.Items.Tests.TaxedRuleTest.ApplyTest_Three" executed="True" result="Success" success="True" time="0.000" asserts="2" />
                      <test-case name="SalesTaxes.Items.Tests.TaxedRuleTest.ApplyTest_Two" executed="True" result="Success" success="True" time="0.001" asserts="2" />
                    </results>
                  </test-suite>
                </results>
              </test-suite>
            </results>
          </test-suite>
        </results>
      </test-suite>
    </results>
  </test-suite>
</test-results>